<?xml version="1.0" encoding="UTF-8"?>
<!-- Generated by org.testng.reporters.JUnitReportReporter -->
<testsuite hostname="HelenV" failures="0" tests="1" name="examenfinal.examenCasaIdeas" time="20.717" errors="0" timestamp="2025-05-06T19:31:58 BOT" skipped="0">
  <testcase classname="examenfinal.examenCasaIdeas" name="mainTest" time="20.717"/>
</testsuite> <!-- examenfinal.examenCasaIdeas -->
