<?xml version="1.0" encoding="UTF-8"?>
<!-- Generated by org.testng.reporters.JUnitReportReporter -->
<testsuite hostname="Alvaro-ASUS" failures="0" tests="1" name="examenfinal.ExamenAlvaroT" time="48.418" errors="0" timestamp="2025-05-06T10:23:23 BOT" skipped="0">
  <testcase classname="examenfinal.ExamenAlvaroT" name="realizarCompraCompleta" time="48.418"/>
</testsuite> <!-- examenfinal.ExamenAlvaroT -->
