<?xml version="1.0" encoding="UTF-8"?>
<!-- Generated by org.testng.reporters.JUnitReportReporter -->
<testsuite hostname="Alvaro-ASUS" failures="0" tests="1" name="examenfinal.Examenfinal" time="45.785" errors="0" timestamp="2025-05-06T10:12:57 BOT" skipped="0">
  <testcase classname="examenfinal.Examenfinal" name="realizarCompraCompleta" time="45.785"/>
</testsuite> <!-- examenfinal.Examenfinal -->
