<?xml version="1.0" encoding="UTF-8"?>
<!-- Generated by org.testng.reporters.JUnitReportReporter -->
<testsuite hostname="DESKTOP-ILPQ6V8" failures="0" tests="1" name="examenfinal.casa_ideas" time="440.104" errors="0" timestamp="2025-05-06T20:57:01 BOT" skipped="0">
  <testcase classname="examenfinal.casa_ideas" name="test" time="440.104"/>
</testsuite> <!-- examenfinal.casa_ideas -->
