<?xml version="1.0" encoding="UTF-8"?>
<!-- Generated by org.testng.reporters.JUnitReportReporter -->
<testsuite hostname="CALEB-G-10" failures="0" tests="1" name="examenfinal.casaIdeas" time="31.980" errors="0" timestamp="2025-05-06T20:20:22 BOT" skipped="0">
  <testcase classname="examenfinal.casaIdeas" name="testAgregarProductosAlCarrito" time="31.980"/>
</testsuite> <!-- examenfinal.casaIdeas -->
