<?xml version="1.0" encoding="UTF-8"?>
<!-- Generated by org.testng.reporters.JUnitReportReporter -->
<testsuite hostname="DESKTOP-ANGRPUP" failures="0" tests="3" name="testng.pruebas" time="22.595" errors="0" timestamp="2025-05-04T00:22:43 BOT" skipped="0">
  <testcase classname="testng.pruebas" name="testAgregarProducto" time="8.530"/>
  <testcase classname="testng.pruebas" name="testAgregarProducto" time="7.965"/>
  <testcase classname="testng.pruebas" name="testAgregarProducto" time="6.100"/>
</testsuite> <!-- testng.pruebas -->
