<?xml version="1.0" encoding="UTF-8"?>
<!-- Generated by org.testng.reporters.JUnitReportReporter -->
<testsuite hostname="DESKTOP-9L4QR5A" failures="0" tests="1" name="examenfinal.TestFinal" time="43.270" errors="0" timestamp="2025-05-05T20:56:11 BOT" skipped="0">
  <testcase classname="examenfinal.TestFinal" name="test" time="43.270"/>
</testsuite> <!-- examenfinal.TestFinal -->
