<?xml version="1.0" encoding="UTF-8"?>
<!-- Generated by org.testng.reporters.JUnitReportReporter -->
<testsuite hostname="Alvaro-ASUS" failures="0" tests="1" name="AxamenAlvaro.Examenfinal" time="44.699" errors="0" timestamp="2025-05-06T10:16:53 BOT" skipped="0">
  <testcase classname="AxamenAlvaro.Examenfinal" name="realizarCompraCompleta" time="44.699"/>
</testsuite> <!-- AxamenAlvaro.Examenfinal -->
