<?xml version="1.0" encoding="UTF-8"?>
<!-- Generated by org.testng.reporters.JUnitReportReporter -->
<testsuite hostname="DESKTOP-ANGRPUP" failures="0" tests="4" name="testng.TestShop" time="27.378" errors="0" timestamp="2025-05-05T19:09:03 BOT" skipped="0">
  <testcase classname="testng.TestShop" name="testAgregarProducto" time="7.084"/>
  <testcase classname="testng.TestShop" name="testAgregarProducto" time="4.825"/>
  <testcase classname="testng.TestShop" name="validarSubtotalCarrito" time="11.365"/>
  <testcase classname="testng.TestShop" name="testAgregarProducto" time="4.104"/>
</testsuite> <!-- testng.TestShop -->
