<?xml version="1.0" encoding="UTF-8"?>
<!-- Generated by org.testng.reporters.JUnitReportReporter -->
<testsuite hostname="Jorges-MacBook-Pro.local" failures="0" tests="1" name="examenfinal.casaIdeasTest" time="192.070" errors="0" timestamp="2025-05-06T00:05:42 BOT" skipped="0">
  <testcase classname="examenfinal.casaIdeasTest" name="test" time="192.070"/>
</testsuite> <!-- examenfinal.casaIdeasTest -->
